<?xml version="1.0" encoding="UTF-8"?>
<!-- Generated by org.testng.reporters.JUnitXMLReporter -->
<testsuite ignored="0" hostname="Aditya" failures="0" tests="3" name="Default test" time="13.413" errors="0" timestamp="2025-01-18T14:55:54 IST">
  <testcase classname="nbs.cdc.Suite.myTests" name="runFBTest" time="0.177"/>
  <testcase classname="nbs.cdc.Suite.myTests" name="runFBTest" time="1.821"/>
  <testcase classname="nbs.cdc.Suite.myTests" name="runFBTest" time="0.207"/>
</testsuite> <!-- Default test -->
