<?xml version="1.0" encoding="UTF-8"?>
<testng-results ignored="0" total="3" passed="3" failed="0" skipped="0">
  <reporter-output>
  </reporter-output>
  <suite started-at="2025-01-18T15:05:17 IST" name="Suite" finished-at="2025-01-18T15:05:30 IST" duration-ms="12911">
    <groups>
    </groups>
    <test started-at="2025-01-18T15:05:17 IST" name="Test" finished-at="2025-01-18T15:05:30 IST" duration-ms="12911">
      <class name="nbs.cdc.Suite.myTests">
        <test-method is-config="true" signature="setUp()[pri:0, instance:nbs.cdc.Suite.myTests@1750fbeb]" started-at="2025-01-18T15:05:18 IST" name="setUp" finished-at="2025-01-18T15:05:22 IST" duration-ms="3847" status="PASS">
          <reporter-output>
          </reporter-output>
        </test-method> <!-- setUp -->
        <test-method signature="runFBTest(java.lang.String,java.lang.String)[pri:0, instance:nbs.cdc.Suite.myTests@1750fbeb]" started-at="2025-01-18T15:05:22 IST" name="runFBTest" data-provider="dataProvider1" finished-at="2025-01-18T15:05:22 IST" duration-ms="189" status="PASS">
          <params>
            <param index="0">
              <value>
                <![CDATA[us1]]>
              </value>
            </param>
            <param index="1">
              <value>
                <![CDATA[pwd1]]>
              </value>
            </param>
          </params>
          <reporter-output>
          </reporter-output>
        </test-method> <!-- runFBTest -->
        <test-method is-config="true" signature="tearDown()[pri:0, instance:nbs.cdc.Suite.myTests@1750fbeb]" started-at="2025-01-18T15:05:22 IST" name="tearDown" finished-at="2025-01-18T15:05:23 IST" duration-ms="657" status="PASS">
          <reporter-output>
          </reporter-output>
        </test-method> <!-- tearDown -->
        <test-method is-config="true" signature="setUp()[pri:0, instance:nbs.cdc.Suite.myTests@1750fbeb]" started-at="2025-01-18T15:05:23 IST" name="setUp" finished-at="2025-01-18T15:05:26 IST" duration-ms="2985" status="PASS">
          <reporter-output>
          </reporter-output>
        </test-method> <!-- setUp -->
        <test-method signature="runFBTest(java.lang.String,java.lang.String)[pri:0, instance:nbs.cdc.Suite.myTests@1750fbeb]" started-at="2025-01-18T15:05:26 IST" name="runFBTest" data-provider="dataProvider1" finished-at="2025-01-18T15:05:26 IST" duration-ms="266" status="PASS">
          <params>
            <param index="0">
              <value>
                <![CDATA[us2]]>
              </value>
            </param>
            <param index="1">
              <value>
                <![CDATA[pwd2]]>
              </value>
            </param>
          </params>
          <reporter-output>
          </reporter-output>
        </test-method> <!-- runFBTest -->
        <test-method is-config="true" signature="tearDown()[pri:0, instance:nbs.cdc.Suite.myTests@1750fbeb]" started-at="2025-01-18T15:05:26 IST" name="tearDown" finished-at="2025-01-18T15:05:27 IST" duration-ms="611" status="PASS">
          <reporter-output>
          </reporter-output>
        </test-method> <!-- tearDown -->
        <test-method is-config="true" signature="setUp()[pri:0, instance:nbs.cdc.Suite.myTests@1750fbeb]" started-at="2025-01-18T15:05:27 IST" name="setUp" finished-at="2025-01-18T15:05:30 IST" duration-ms="2840" status="PASS">
          <reporter-output>
          </reporter-output>
        </test-method> <!-- setUp -->
        <test-method signature="runFBTest(java.lang.String,java.lang.String)[pri:0, instance:nbs.cdc.Suite.myTests@1750fbeb]" started-at="2025-01-18T15:05:30 IST" name="runFBTest" data-provider="dataProvider1" finished-at="2025-01-18T15:05:30 IST" duration-ms="153" status="PASS">
          <params>
            <param index="0">
              <value>
                <![CDATA[us3]]>
              </value>
            </param>
            <param index="1">
              <value>
                <![CDATA[pwd3]]>
              </value>
            </param>
          </params>
          <reporter-output>
          </reporter-output>
        </test-method> <!-- runFBTest -->
        <test-method is-config="true" signature="tearDown()[pri:0, instance:nbs.cdc.Suite.myTests@1750fbeb]" started-at="2025-01-18T15:05:30 IST" name="tearDown" finished-at="2025-01-18T15:05:30 IST" duration-ms="511" status="PASS">
          <reporter-output>
          </reporter-output>
        </test-method> <!-- tearDown -->
      </class> <!-- nbs.cdc.Suite.myTests -->
    </test> <!-- Test -->
  </suite> <!-- Suite -->
</testng-results>
